<html>
<head>
<title>TestNG:  Surefire test</title>
<link href="../testng.css" rel="stylesheet" type="text/css" />
<link href="../my-testng.css" rel="stylesheet" type="text/css" />

<style type="text/css">
.log { display: none;} 
.stack-trace { display: none;} 
</style>
<script type="text/javascript">
<!--
function flip(e) {
  current = e.style.display;
  if (current == 'block') {
    e.style.display = 'none';
    return 0;
  }
  else {
    e.style.display = 'block';
    return 1;
  }
}

function toggleBox(szDivId, elem, msg1, msg2)
{
  var res = -1;  if (document.getElementById) {
    res = flip(document.getElementById(szDivId));
  }
  else if (document.all) {
    // this is the way old msie versions work
    res = flip(document.all[szDivId]);
  }
  if(elem) {
    if(res == 0) elem.innerHTML = msg1; else elem.innerHTML = msg2;
  }

}

function toggleAllBoxes() {
  if (document.getElementsByTagName) {
    d = document.getElementsByTagName('div');
    for (i = 0; i < d.length; i++) {
      if (d[i].className == 'log') {
        flip(d[i]);
      }
    }
  }
}

// -->
</script>

</head>
<body>
<h2 align='center'>Surefire test</h2><table border='1' align="center">
<tr>
<td>Tests passed/Failed/Skipped:</td><td>1/3/0</td>
</tr><tr>
<td>Started on:</td><td>Sat Mar 22 22:03:40 IST 2025</td>
</tr>
<tr><td>Total time:</td><td>19 seconds (19537 ms)</td>
</tr><tr>
<td>Included groups:</td><td></td>
</tr><tr>
<td>Excluded groups:</td><td></td>
</tr>
</table><p/>
<small><i>(Hover the method name to see the test class name)</i></small><p/>
<table width='100%' border='1' class='invocation-failed'>
<tr><td colspan='4' align='center'><b>FAILED TESTS</b></td></tr>
<tr><td><b>Test method</b></td>
<td><b>Attribute(s)</b></td>
<td width="30%"><b>Exception</b></td>
<td width="10%"><b>Time (seconds)</b></td>
<td><b>Instance</b></td>
</tr>
<tr>
<td title='cucumberOptions.TestNGTestRunner.runScenario()'><b>runScenario</b><br>Test class: cucumberOptions.TestNGTestRunner<br>Test method: Runs Cucumber Scenarios<br>Parameters: "Verify homepage and search functionality for luggage storage locations", "Luggage Storage Search Functionality"</td>
<td><div><pre>org.openqa.selenium.NoSuchWindowException: no such window: target window already closed
from unknown error: web view not found
  (Session info: chrome=134.0.6998.119)
Build info: version: &apos;4.29.0&apos;, revision: &apos;5fc1ec94cb&apos;
System info: os.name: &apos;Mac OS X&apos;, os.arch: &apos;aarch64&apos;, os.version: &apos;15.3.2&apos;, java.version: &apos;24&apos;
Driver info: org.openqa.selenium.chrome.ChromeDriver
Command: [c5a083bb9d25a6a291b5b7feafaeac6c, get {url=https://luggagehero.com}]
Capabilities {acceptInsecureCerts: false, browserName: chrome, browserVersion: 134.0.6998.119, chrome: {chromedriverVersion: 134.0.6998.90 (219ee74681fc..., userDataDir: /var/folders/ff/c3y6wx7n2qn...}, fedcm:accounts: true, goog:chromeOptions: {debuggerAddress: localhost:50902}, networkConnectionEnabled: false, pageLoadStrategy: normal, platformName: mac, proxy: Proxy(), se:cdp: ws://localhost:50902/devtoo..., se:cdpVersion: 134.0.6998.119, setWindowRect: true, strictFileInteractability: false, timeouts: {implicit: 0, pageLoad: 300000, script: 30000}, unhandledPromptBehavior: dismiss and notify, webauthn:extension:credBlob: true, webauthn:extension:largeBlob: true, webauthn:extension:minPinLength: true, webauthn:extension:prf: true, webauthn:virtualAuthenticators: true}
Session ID: c5a083bb9d25a6a291b5b7feafaeac6c
	at org.openqa.selenium.remote.ErrorCodec.decode(ErrorCodec.java:167)
	at org.openqa.selenium.remote.codec.w3c.W3CHttpResponseCodec.decode(W3CHttpResponseCodec.java:138)
	at org.openqa.selenium.remote.codec.w3c.W3CHttpResponseCodec.decode(W3CHttpResponseCodec.java:50)
	at org.openqa.selenium.remote.HttpCommandExecutor.execute(HttpCommandExecutor.java:215)
	at org.openqa.selenium.remote.service.DriverCommandExecutor.invokeExecute(DriverCommandExecutor.java:216)
	at org.openqa.selenium.remote.service.DriverCommandExecutor.execute(DriverCommandExecutor.java:174)
	at org.openqa.selenium.remote.RemoteWebDriver.execute(RemoteWebDriver.java:545)
	at org.openqa.selenium.remote.RemoteWebDriver.get(RemoteWebDriver.java:313)
	at pages.LandingPage.navigateToLandingPage(LandingPage.java:55)
	at stepDefinitions.StorageSearchSteps.the_user_is_on_the_luggage_hero_homepage(StorageSearchSteps.java:34)
	at ✽.the user is on the LuggageHero homepage(file:///Users/rambachkheti/eclipse-workspace/luggagehero/src/test/java/features/storage_search.feature:6)
... Removed 3 stack frames</pre></div><a href='#' onClick='toggleBox("stack-trace1606451061", this, "Click to show all stack frames", "Click to hide stack frames")'>Click to show all stack frames</a>
<div class='stack-trace' id='stack-trace1606451061'><pre>org.openqa.selenium.NoSuchWindowException: no such window: target window already closed
from unknown error: web view not found
  (Session info: chrome=134.0.6998.119)
Build info: version: &apos;4.29.0&apos;, revision: &apos;5fc1ec94cb&apos;
System info: os.name: &apos;Mac OS X&apos;, os.arch: &apos;aarch64&apos;, os.version: &apos;15.3.2&apos;, java.version: &apos;24&apos;
Driver info: org.openqa.selenium.chrome.ChromeDriver
Command: [c5a083bb9d25a6a291b5b7feafaeac6c, get {url=https://luggagehero.com}]
Capabilities {acceptInsecureCerts: false, browserName: chrome, browserVersion: 134.0.6998.119, chrome: {chromedriverVersion: 134.0.6998.90 (219ee74681fc..., userDataDir: /var/folders/ff/c3y6wx7n2qn...}, fedcm:accounts: true, goog:chromeOptions: {debuggerAddress: localhost:50902}, networkConnectionEnabled: false, pageLoadStrategy: normal, platformName: mac, proxy: Proxy(), se:cdp: ws://localhost:50902/devtoo..., se:cdpVersion: 134.0.6998.119, setWindowRect: true, strictFileInteractability: false, timeouts: {implicit: 0, pageLoad: 300000, script: 30000}, unhandledPromptBehavior: dismiss and notify, webauthn:extension:credBlob: true, webauthn:extension:largeBlob: true, webauthn:extension:minPinLength: true, webauthn:extension:prf: true, webauthn:virtualAuthenticators: true}
Session ID: c5a083bb9d25a6a291b5b7feafaeac6c
	at java.base/jdk.internal.reflect.DirectConstructorHandleAccessor.newInstance(DirectConstructorHandleAccessor.java:62)
	at java.base/java.lang.reflect.Constructor.newInstanceWithCaller(Constructor.java:499)
	at java.base/java.lang.reflect.Constructor.newInstance(Constructor.java:483)
	at org.openqa.selenium.remote.ErrorCodec.decode(ErrorCodec.java:167)
	at org.openqa.selenium.remote.codec.w3c.W3CHttpResponseCodec.decode(W3CHttpResponseCodec.java:138)
	at org.openqa.selenium.remote.codec.w3c.W3CHttpResponseCodec.decode(W3CHttpResponseCodec.java:50)
	at org.openqa.selenium.remote.HttpCommandExecutor.execute(HttpCommandExecutor.java:215)
	at org.openqa.selenium.remote.service.DriverCommandExecutor.invokeExecute(DriverCommandExecutor.java:216)
	at org.openqa.selenium.remote.service.DriverCommandExecutor.execute(DriverCommandExecutor.java:174)
	at org.openqa.selenium.remote.RemoteWebDriver.execute(RemoteWebDriver.java:545)
	at org.openqa.selenium.remote.RemoteWebDriver.get(RemoteWebDriver.java:313)
	at pages.LandingPage.navigateToLandingPage(LandingPage.java:55)
	at stepDefinitions.StorageSearchSteps.the_user_is_on_the_luggage_hero_homepage(StorageSearchSteps.java:34)
	at ✽.the user is on the LuggageHero homepage(file:///Users/rambachkheti/eclipse-workspace/luggagehero/src/test/java/features/storage_search.feature:6)
</pre></div></td>
<td>4</td>
<td>cucumberOptions.TestNGTestRunner@78b729e6</td></tr>
<tr>
<td title='cucumberOptions.TestNGTestRunner.runScenario()'><b>runScenario</b><br>Test class: cucumberOptions.TestNGTestRunner<br>Test method: Runs Cucumber Scenarios<br>Parameters: "Verify homepage and search functionality for luggage storage locations", "Luggage Storage Search Functionality"</td>
<td><div><pre>org.openqa.selenium.NoSuchWindowException: no such window: target window already closed
from unknown error: web view not found
  (Session info: chrome=134.0.6998.119)
Build info: version: &apos;4.29.0&apos;, revision: &apos;5fc1ec94cb&apos;
System info: os.name: &apos;Mac OS X&apos;, os.arch: &apos;aarch64&apos;, os.version: &apos;15.3.2&apos;, java.version: &apos;24&apos;
Driver info: org.openqa.selenium.chrome.ChromeDriver
Command: [611af9fa9d8aa89cbce9f901ce22d26d, get {url=https://luggagehero.com}]
Capabilities {acceptInsecureCerts: false, browserName: chrome, browserVersion: 134.0.6998.119, chrome: {chromedriverVersion: 134.0.6998.90 (219ee74681fc..., userDataDir: /var/folders/ff/c3y6wx7n2qn...}, fedcm:accounts: true, goog:chromeOptions: {debuggerAddress: localhost:50901}, networkConnectionEnabled: false, pageLoadStrategy: normal, platformName: mac, proxy: Proxy(), se:cdp: ws://localhost:50901/devtoo..., se:cdpVersion: 134.0.6998.119, setWindowRect: true, strictFileInteractability: false, timeouts: {implicit: 0, pageLoad: 300000, script: 30000}, unhandledPromptBehavior: dismiss and notify, webauthn:extension:credBlob: true, webauthn:extension:largeBlob: true, webauthn:extension:minPinLength: true, webauthn:extension:prf: true, webauthn:virtualAuthenticators: true}
Session ID: 611af9fa9d8aa89cbce9f901ce22d26d
	at org.openqa.selenium.remote.ErrorCodec.decode(ErrorCodec.java:167)
	at org.openqa.selenium.remote.codec.w3c.W3CHttpResponseCodec.decode(W3CHttpResponseCodec.java:138)
	at org.openqa.selenium.remote.codec.w3c.W3CHttpResponseCodec.decode(W3CHttpResponseCodec.java:50)
	at org.openqa.selenium.remote.HttpCommandExecutor.execute(HttpCommandExecutor.java:215)
	at org.openqa.selenium.remote.service.DriverCommandExecutor.invokeExecute(DriverCommandExecutor.java:216)
	at org.openqa.selenium.remote.service.DriverCommandExecutor.execute(DriverCommandExecutor.java:174)
	at org.openqa.selenium.remote.RemoteWebDriver.execute(RemoteWebDriver.java:545)
	at org.openqa.selenium.remote.RemoteWebDriver.get(RemoteWebDriver.java:313)
	at pages.LandingPage.navigateToLandingPage(LandingPage.java:55)
	at stepDefinitions.StorageSearchSteps.the_user_is_on_the_luggage_hero_homepage(StorageSearchSteps.java:34)
	at ✽.the user is on the LuggageHero homepage(file:///Users/rambachkheti/eclipse-workspace/luggagehero/src/test/java/features/storage_search.feature:6)
... Removed 3 stack frames</pre></div><a href='#' onClick='toggleBox("stack-trace80542420", this, "Click to show all stack frames", "Click to hide stack frames")'>Click to show all stack frames</a>
<div class='stack-trace' id='stack-trace80542420'><pre>org.openqa.selenium.NoSuchWindowException: no such window: target window already closed
from unknown error: web view not found
  (Session info: chrome=134.0.6998.119)
Build info: version: &apos;4.29.0&apos;, revision: &apos;5fc1ec94cb&apos;
System info: os.name: &apos;Mac OS X&apos;, os.arch: &apos;aarch64&apos;, os.version: &apos;15.3.2&apos;, java.version: &apos;24&apos;
Driver info: org.openqa.selenium.chrome.ChromeDriver
Command: [611af9fa9d8aa89cbce9f901ce22d26d, get {url=https://luggagehero.com}]
Capabilities {acceptInsecureCerts: false, browserName: chrome, browserVersion: 134.0.6998.119, chrome: {chromedriverVersion: 134.0.6998.90 (219ee74681fc..., userDataDir: /var/folders/ff/c3y6wx7n2qn...}, fedcm:accounts: true, goog:chromeOptions: {debuggerAddress: localhost:50901}, networkConnectionEnabled: false, pageLoadStrategy: normal, platformName: mac, proxy: Proxy(), se:cdp: ws://localhost:50901/devtoo..., se:cdpVersion: 134.0.6998.119, setWindowRect: true, strictFileInteractability: false, timeouts: {implicit: 0, pageLoad: 300000, script: 30000}, unhandledPromptBehavior: dismiss and notify, webauthn:extension:credBlob: true, webauthn:extension:largeBlob: true, webauthn:extension:minPinLength: true, webauthn:extension:prf: true, webauthn:virtualAuthenticators: true}
Session ID: 611af9fa9d8aa89cbce9f901ce22d26d
	at java.base/jdk.internal.reflect.DirectConstructorHandleAccessor.newInstance(DirectConstructorHandleAccessor.java:62)
	at java.base/java.lang.reflect.Constructor.newInstanceWithCaller(Constructor.java:499)
	at java.base/java.lang.reflect.Constructor.newInstance(Constructor.java:483)
	at org.openqa.selenium.remote.ErrorCodec.decode(ErrorCodec.java:167)
	at org.openqa.selenium.remote.codec.w3c.W3CHttpResponseCodec.decode(W3CHttpResponseCodec.java:138)
	at org.openqa.selenium.remote.codec.w3c.W3CHttpResponseCodec.decode(W3CHttpResponseCodec.java:50)
	at org.openqa.selenium.remote.HttpCommandExecutor.execute(HttpCommandExecutor.java:215)
	at org.openqa.selenium.remote.service.DriverCommandExecutor.invokeExecute(DriverCommandExecutor.java:216)
	at org.openqa.selenium.remote.service.DriverCommandExecutor.execute(DriverCommandExecutor.java:174)
	at org.openqa.selenium.remote.RemoteWebDriver.execute(RemoteWebDriver.java:545)
	at org.openqa.selenium.remote.RemoteWebDriver.get(RemoteWebDriver.java:313)
	at pages.LandingPage.navigateToLandingPage(LandingPage.java:55)
	at stepDefinitions.StorageSearchSteps.the_user_is_on_the_luggage_hero_homepage(StorageSearchSteps.java:34)
	at ✽.the user is on the LuggageHero homepage(file:///Users/rambachkheti/eclipse-workspace/luggagehero/src/test/java/features/storage_search.feature:6)
</pre></div></td>
<td>6</td>
<td>cucumberOptions.TestNGTestRunner@78b729e6</td></tr>
<tr>
<td title='cucumberOptions.TestNGTestRunner.runScenario()'><b>runScenario</b><br>Test class: cucumberOptions.TestNGTestRunner<br>Test method: Runs Cucumber Scenarios<br>Parameters: "Verify homepage and search functionality for luggage storage locations", "Luggage Storage Search Functionality"</td>
<td><div><pre>org.openqa.selenium.NoSuchWindowException: no such window: target window already closed
from unknown error: web view not found
  (Session info: chrome=134.0.6998.119)
Build info: version: &apos;4.29.0&apos;, revision: &apos;5fc1ec94cb&apos;
System info: os.name: &apos;Mac OS X&apos;, os.arch: &apos;aarch64&apos;, os.version: &apos;15.3.2&apos;, java.version: &apos;24&apos;
Driver info: org.openqa.selenium.chrome.ChromeDriver
Command: [c83931def2182addf05fc0f820413deb, getTitle {}]
Capabilities {acceptInsecureCerts: false, browserName: chrome, browserVersion: 134.0.6998.119, chrome: {chromedriverVersion: 134.0.6998.90 (219ee74681fc..., userDataDir: /var/folders/ff/c3y6wx7n2qn...}, fedcm:accounts: true, goog:chromeOptions: {debuggerAddress: localhost:50903}, networkConnectionEnabled: false, pageLoadStrategy: normal, platformName: mac, proxy: Proxy(), se:cdp: ws://localhost:50903/devtoo..., se:cdpVersion: 134.0.6998.119, setWindowRect: true, strictFileInteractability: false, timeouts: {implicit: 0, pageLoad: 300000, script: 30000}, unhandledPromptBehavior: dismiss and notify, webauthn:extension:credBlob: true, webauthn:extension:largeBlob: true, webauthn:extension:minPinLength: true, webauthn:extension:prf: true, webauthn:virtualAuthenticators: true}
Session ID: c83931def2182addf05fc0f820413deb
	at org.openqa.selenium.remote.ErrorCodec.decode(ErrorCodec.java:167)
	at org.openqa.selenium.remote.codec.w3c.W3CHttpResponseCodec.decode(W3CHttpResponseCodec.java:138)
	at org.openqa.selenium.remote.codec.w3c.W3CHttpResponseCodec.decode(W3CHttpResponseCodec.java:50)
	at org.openqa.selenium.remote.HttpCommandExecutor.execute(HttpCommandExecutor.java:215)
	at org.openqa.selenium.remote.service.DriverCommandExecutor.invokeExecute(DriverCommandExecutor.java:216)
	at org.openqa.selenium.remote.service.DriverCommandExecutor.execute(DriverCommandExecutor.java:174)
	at org.openqa.selenium.remote.RemoteWebDriver.execute(RemoteWebDriver.java:545)
	at org.openqa.selenium.remote.RemoteWebDriver.execute(RemoteWebDriver.java:618)
	at org.openqa.selenium.remote.RemoteWebDriver.execute(RemoteWebDriver.java:622)
	at org.openqa.selenium.remote.RemoteWebDriver.getTitle(RemoteWebDriver.java:318)
	at pages.LandingPage.getLandingPageTitle(LandingPage.java:44)
	at stepDefinitions.StorageSearchSteps.the_homepage_is_fully_loaded(StorageSearchSteps.java:40)
	at ✽.the homepage is fully loaded(file:///Users/rambachkheti/eclipse-workspace/luggagehero/src/test/java/features/storage_search.feature:7)
... Removed 3 stack frames</pre></div><a href='#' onClick='toggleBox("stack-trace1627837194", this, "Click to show all stack frames", "Click to hide stack frames")'>Click to show all stack frames</a>
<div class='stack-trace' id='stack-trace1627837194'><pre>org.openqa.selenium.NoSuchWindowException: no such window: target window already closed
from unknown error: web view not found
  (Session info: chrome=134.0.6998.119)
Build info: version: &apos;4.29.0&apos;, revision: &apos;5fc1ec94cb&apos;
System info: os.name: &apos;Mac OS X&apos;, os.arch: &apos;aarch64&apos;, os.version: &apos;15.3.2&apos;, java.version: &apos;24&apos;
Driver info: org.openqa.selenium.chrome.ChromeDriver
Command: [c83931def2182addf05fc0f820413deb, getTitle {}]
Capabilities {acceptInsecureCerts: false, browserName: chrome, browserVersion: 134.0.6998.119, chrome: {chromedriverVersion: 134.0.6998.90 (219ee74681fc..., userDataDir: /var/folders/ff/c3y6wx7n2qn...}, fedcm:accounts: true, goog:chromeOptions: {debuggerAddress: localhost:50903}, networkConnectionEnabled: false, pageLoadStrategy: normal, platformName: mac, proxy: Proxy(), se:cdp: ws://localhost:50903/devtoo..., se:cdpVersion: 134.0.6998.119, setWindowRect: true, strictFileInteractability: false, timeouts: {implicit: 0, pageLoad: 300000, script: 30000}, unhandledPromptBehavior: dismiss and notify, webauthn:extension:credBlob: true, webauthn:extension:largeBlob: true, webauthn:extension:minPinLength: true, webauthn:extension:prf: true, webauthn:virtualAuthenticators: true}
Session ID: c83931def2182addf05fc0f820413deb
	at java.base/jdk.internal.reflect.DirectConstructorHandleAccessor.newInstance(DirectConstructorHandleAccessor.java:62)
	at java.base/java.lang.reflect.Constructor.newInstanceWithCaller(Constructor.java:499)
	at java.base/java.lang.reflect.Constructor.newInstance(Constructor.java:483)
	at org.openqa.selenium.remote.ErrorCodec.decode(ErrorCodec.java:167)
	at org.openqa.selenium.remote.codec.w3c.W3CHttpResponseCodec.decode(W3CHttpResponseCodec.java:138)
	at org.openqa.selenium.remote.codec.w3c.W3CHttpResponseCodec.decode(W3CHttpResponseCodec.java:50)
	at org.openqa.selenium.remote.HttpCommandExecutor.execute(HttpCommandExecutor.java:215)
	at org.openqa.selenium.remote.service.DriverCommandExecutor.invokeExecute(DriverCommandExecutor.java:216)
	at org.openqa.selenium.remote.service.DriverCommandExecutor.execute(DriverCommandExecutor.java:174)
	at org.openqa.selenium.remote.RemoteWebDriver.execute(RemoteWebDriver.java:545)
	at org.openqa.selenium.remote.RemoteWebDriver.execute(RemoteWebDriver.java:618)
	at org.openqa.selenium.remote.RemoteWebDriver.execute(RemoteWebDriver.java:622)
	at org.openqa.selenium.remote.RemoteWebDriver.getTitle(RemoteWebDriver.java:318)
	at pages.LandingPage.getLandingPageTitle(LandingPage.java:44)
	at stepDefinitions.StorageSearchSteps.the_homepage_is_fully_loaded(StorageSearchSteps.java:40)
	at ✽.the homepage is fully loaded(file:///Users/rambachkheti/eclipse-workspace/luggagehero/src/test/java/features/storage_search.feature:7)
</pre></div></td>
<td>19</td>
<td>cucumberOptions.TestNGTestRunner@78b729e6</td></tr>
</table><p>
<table width='100%' border='1' class='invocation-passed'>
<tr><td colspan='4' align='center'><b>PASSED TESTS</b></td></tr>
<tr><td><b>Test method</b></td>
<td><b>Attribute(s)</b></td>
<td width="30%"><b>Exception</b></td>
<td width="10%"><b>Time (seconds)</b></td>
<td><b>Instance</b></td>
</tr>
<tr>
<td title='cucumberOptions.TestNGTestRunner.runScenario()'><b>runScenario</b><br>Test class: cucumberOptions.TestNGTestRunner<br>Test method: Runs Cucumber Scenarios<br>Parameters: "Verify that the landing page loads successfully", "LuggageHero Landing Page Load Verification"</td>
<td></td>
<td>8</td>
<td>cucumberOptions.TestNGTestRunner@78b729e6</td></tr>
</table><p>
</body>
</html>